Copyright 1986-2022 Xilinx, Inc. All Rights Reserved. Copyright 2022-2023 Advanced Micro Devices, Inc. All Rights Reserved.
---------------------------------------------------------------------------------------------------------------------------------------------
| Tool Version : Vivado v.2023.2 (win64) Build 4029153 Fri Oct 13 20:14:34 MDT 2023
| Date         : Wed Feb 12 16:36:04 2025
| Host         : 102-039 running 64-bit major release  (build 9200)
| Command      : report_control_sets -verbose -file stopwatch_3_state_control_sets_placed.rpt
| Design       : stopwatch_3_state
| Device       : xc7z020
---------------------------------------------------------------------------------------------------------------------------------------------

Control Set Information

Table of Contents
-----------------
1. Summary
2. Histogram
3. Flip-Flop Distribution
4. Detailed Control Set Information

1. Summary
----------

+----------------------------------------------------------+-------+
|                          Status                          | Count |
+----------------------------------------------------------+-------+
| Total control sets                                       |   102 |
|    Minimum number of control sets                        |   102 |
|    Addition due to synthesis replication                 |     0 |
|    Addition due to physical synthesis replication        |     0 |
| Unused register locations in slices containing registers |   682 |
+----------------------------------------------------------+-------+
* Control sets can be merged at opt_design using control_set_merge or merge_equivalent_drivers
** Run report_qor_suggestions for automated merging and remapping suggestions


2. Histogram
------------

+--------------------+-------+
|       Fanout       | Count |
+--------------------+-------+
| Total control sets |   102 |
| >= 0 to < 4        |    98 |
| >= 4 to < 6        |     0 |
| >= 6 to < 8        |     0 |
| >= 8 to < 10       |     0 |
| >= 10 to < 12      |     0 |
| >= 12 to < 14      |     0 |
| >= 14 to < 16      |     0 |
| >= 16              |     4 |
+--------------------+-------+
* Control sets can be remapped at either synth_design or opt_design


3. Flip-Flop Distribution
-------------------------

+--------------+-----------------------+------------------------+-----------------+--------------+
| Clock Enable | Synchronous Set/Reset | Asynchronous Set/Reset | Total Registers | Total Slices |
+--------------+-----------------------+------------------------+-----------------+--------------+
| No           | No                    | No                     |              38 |           14 |
| No           | No                    | Yes                    |               1 |            1 |
| No           | Yes                   | No                     |             128 |           59 |
| Yes          | No                    | No                     |               0 |            0 |
| Yes          | No                    | Yes                    |              63 |           63 |
| Yes          | Yes                   | No                     |               0 |            0 |
+--------------+-----------------------+------------------------+-----------------+--------------+


4. Detailed Control Set Information
-----------------------------------

+------------------------------+---------------------------+-----------------------------+------------------+----------------+--------------+
|         Clock Signal         |       Enable Signal       |       Set/Reset Signal      | Slice Load Count | Bel Load Count | Bels / Slice |
+------------------------------+---------------------------+-----------------------------+------------------+----------------+--------------+
|  clk_1hz_BUFG                | counter_reg[31]_C_i_1_n_0 | counter_reg[12]_LDC_i_1_n_0 |                1 |              1 |         1.00 |
|  counter_reg[31]_LDC_i_1_n_0 |                           | counter_reg[31]_LDC_i_2_n_0 |                1 |              1 |         1.00 |
|  counter_reg[4]_LDC_i_1_n_0  |                           | counter_reg[4]_LDC_i_2_n_0  |                1 |              1 |         1.00 |
|  counter_reg[3]_LDC_i_1_n_0  |                           | counter_reg[3]_LDC_i_2_n_0  |                1 |              1 |         1.00 |
|  clk_1hz_BUFG                |                           | counter_reg[0]_LDC_i_2_n_0  |                1 |              1 |         1.00 |
|  clk_1hz_BUFG                | counter_reg[31]_C_i_1_n_0 | counter_reg[11]_LDC_i_2_n_0 |                1 |              1 |         1.00 |
|  clk_1hz_BUFG                | counter_reg[31]_C_i_1_n_0 | counter_reg[11]_LDC_i_1_n_0 |                1 |              1 |         1.00 |
|  clk_1hz_BUFG                | counter_reg[31]_C_i_1_n_0 | counter_reg[15]_LDC_i_1_n_0 |                1 |              1 |         1.00 |
|  clk_1hz_BUFG                | counter_reg[31]_C_i_1_n_0 | counter_reg[14]_LDC_i_2_n_0 |                1 |              1 |         1.00 |
|  clk_1hz_BUFG                | counter_reg[31]_C_i_1_n_0 | counter_reg[12]_LDC_i_2_n_0 |                1 |              1 |         1.00 |
|  clk_1hz_BUFG                | counter_reg[31]_C_i_1_n_0 | counter_reg[15]_LDC_i_2_n_0 |                1 |              1 |         1.00 |
|  clk_1hz_BUFG                | counter_reg[31]_C_i_1_n_0 | counter_reg[16]_LDC_i_1_n_0 |                1 |              1 |         1.00 |
|  clk_1hz_BUFG                | counter_reg[31]_C_i_1_n_0 | counter_reg[1]_LDC_i_2_n_0  |                1 |              1 |         1.00 |
|  clk_1hz_BUFG                | counter_reg[31]_C_i_1_n_0 | counter_reg[16]_LDC_i_2_n_0 |                1 |              1 |         1.00 |
|  clk_1hz_BUFG                | counter_reg[31]_C_i_1_n_0 | counter_reg[10]_LDC_i_1_n_0 |                1 |              1 |         1.00 |
|  clk_1hz_BUFG                | counter_reg[31]_C_i_1_n_0 | counter_reg[10]_LDC_i_2_n_0 |                1 |              1 |         1.00 |
|  clk_1hz_BUFG                | counter_reg[31]_C_i_1_n_0 | counter_reg[0]_LDC_i_1_n_0  |                1 |              1 |         1.00 |
|  clk_1hz_BUFG                | counter_reg[31]_C_i_1_n_0 | counter_reg[13]_LDC_i_1_n_0 |                1 |              1 |         1.00 |
|  clk_1hz_BUFG                | counter_reg[31]_C_i_1_n_0 | counter_reg[13]_LDC_i_2_n_0 |                1 |              1 |         1.00 |
|  clk_1hz_BUFG                | counter_reg[31]_C_i_1_n_0 | counter_reg[14]_LDC_i_1_n_0 |                1 |              1 |         1.00 |
|  clk_1hz_BUFG                | counter_reg[31]_C_i_1_n_0 | counter_reg[19]_LDC_i_1_n_0 |                1 |              1 |         1.00 |
|  clk_1hz_BUFG                | counter_reg[31]_C_i_1_n_0 | counter_reg[17]_LDC_i_2_n_0 |                1 |              1 |         1.00 |
|  clk_1hz_BUFG                | counter_reg[31]_C_i_1_n_0 | counter_reg[19]_LDC_i_2_n_0 |                1 |              1 |         1.00 |
|  clk_1hz_BUFG                | counter_reg[31]_C_i_1_n_0 | counter_reg[18]_LDC_i_2_n_0 |                1 |              1 |         1.00 |
|  counter_reg[9]_LDC_i_1_n_0  |                           | counter_reg[9]_LDC_i_2_n_0  |                1 |              1 |         1.00 |
|  clk_1hz_BUFG                | counter_reg[31]_C_i_1_n_0 | counter_reg[23]_LDC_i_1_n_0 |                1 |              1 |         1.00 |
|  clk_1hz_BUFG                | counter_reg[31]_C_i_1_n_0 | counter_reg[1]_LDC_i_1_n_0  |                1 |              1 |         1.00 |
|  clk_1hz_BUFG                | counter_reg[31]_C_i_1_n_0 | counter_reg[22]_LDC_i_1_n_0 |                1 |              1 |         1.00 |
|  clk_1hz_BUFG                | counter_reg[31]_C_i_1_n_0 | counter_reg[23]_LDC_i_2_n_0 |                1 |              1 |         1.00 |
|  clk_1hz_BUFG                | counter_reg[31]_C_i_1_n_0 | counter_reg[24]_LDC_i_1_n_0 |                1 |              1 |         1.00 |
|  clk_1hz_BUFG                | counter_reg[31]_C_i_1_n_0 | counter_reg[18]_LDC_i_1_n_0 |                1 |              1 |         1.00 |
|  clk_1hz_BUFG                | counter_reg[31]_C_i_1_n_0 | counter_reg[22]_LDC_i_2_n_0 |                1 |              1 |         1.00 |
|  clk_1hz_BUFG                | counter_reg[31]_C_i_1_n_0 | counter_reg[24]_LDC_i_2_n_0 |                1 |              1 |         1.00 |
|  clk_1hz_BUFG                | counter_reg[31]_C_i_1_n_0 | counter_reg[20]_LDC_i_2_n_0 |                1 |              1 |         1.00 |
|  clk_1hz_BUFG                | counter_reg[31]_C_i_1_n_0 | counter_reg[17]_LDC_i_1_n_0 |                1 |              1 |         1.00 |
|  clk_1hz_BUFG                | counter_reg[31]_C_i_1_n_0 | counter_reg[20]_LDC_i_1_n_0 |                1 |              1 |         1.00 |
|  clk_1hz_BUFG                | counter_reg[31]_C_i_1_n_0 | counter_reg[21]_LDC_i_1_n_0 |                1 |              1 |         1.00 |
|  clk_1hz_BUFG                | counter_reg[31]_C_i_1_n_0 | counter_reg[21]_LDC_i_2_n_0 |                1 |              1 |         1.00 |
|  clk_1hz_BUFG                | counter_reg[31]_C_i_1_n_0 | counter_reg[29]_LDC_i_2_n_0 |                1 |              1 |         1.00 |
|  clk_1hz_BUFG                | counter_reg[31]_C_i_1_n_0 | counter_reg[2]_LDC_i_1_n_0  |                1 |              1 |         1.00 |
|  clk_1hz_BUFG                | counter_reg[31]_C_i_1_n_0 | counter_reg[27]_LDC_i_1_n_0 |                1 |              1 |         1.00 |
|  clk_1hz_BUFG                | counter_reg[31]_C_i_1_n_0 | counter_reg[28]_LDC_i_1_n_0 |                1 |              1 |         1.00 |
|  clk_1hz_BUFG                | counter_reg[31]_C_i_1_n_0 | counter_reg[30]_LDC_i_1_n_0 |                1 |              1 |         1.00 |
|  clk_1hz_BUFG                | counter_reg[31]_C_i_1_n_0 | counter_reg[26]_LDC_i_2_n_0 |                1 |              1 |         1.00 |
|  clk_1hz_BUFG                | counter_reg[31]_C_i_1_n_0 | counter_reg[25]_LDC_i_2_n_0 |                1 |              1 |         1.00 |
|  clk_1hz_BUFG                | counter_reg[31]_C_i_1_n_0 | counter_reg[27]_LDC_i_2_n_0 |                1 |              1 |         1.00 |
|  clk_1hz_BUFG                | counter_reg[31]_C_i_1_n_0 | counter_reg[28]_LDC_i_2_n_0 |                1 |              1 |         1.00 |
|  clk_1hz_BUFG                | counter_reg[31]_C_i_1_n_0 | counter_reg[25]_LDC_i_1_n_0 |                1 |              1 |         1.00 |
|  clk_1hz_BUFG                | counter_reg[31]_C_i_1_n_0 | counter_reg[26]_LDC_i_1_n_0 |                1 |              1 |         1.00 |
|  clk_1hz_BUFG                | counter_reg[31]_C_i_1_n_0 | counter_reg[29]_LDC_i_1_n_0 |                1 |              1 |         1.00 |
|  clk_1hz_BUFG                | counter_reg[31]_C_i_1_n_0 | counter_reg[2]_LDC_i_2_n_0  |                1 |              1 |         1.00 |
|  clk_1hz_BUFG                | counter_reg[31]_C_i_1_n_0 | counter_reg[30]_LDC_i_2_n_0 |                1 |              1 |         1.00 |
|  clk_1hz_BUFG                | counter_reg[31]_C_i_1_n_0 | counter_reg[6]_LDC_i_1_n_0  |                1 |              1 |         1.00 |
|  clk_1hz_BUFG                | counter_reg[31]_C_i_1_n_0 | counter_reg[5]_LDC_i_1_n_0  |                1 |              1 |         1.00 |
|  clk_1hz_BUFG                | counter_reg[31]_C_i_1_n_0 | counter_reg[4]_LDC_i_2_n_0  |                1 |              1 |         1.00 |
|  clk_1hz_BUFG                | counter_reg[31]_C_i_1_n_0 | counter_reg[7]_LDC_i_1_n_0  |                1 |              1 |         1.00 |
|  clk_1hz_BUFG                | counter_reg[31]_C_i_1_n_0 | counter_reg[7]_LDC_i_2_n_0  |                1 |              1 |         1.00 |
|  clk_1hz_BUFG                | counter_reg[31]_C_i_1_n_0 | counter_reg[5]_LDC_i_2_n_0  |                1 |              1 |         1.00 |
|  clk_1hz_BUFG                | counter_reg[31]_C_i_1_n_0 | counter_reg[8]_LDC_i_1_n_0  |                1 |              1 |         1.00 |
|  clk_1hz_BUFG                | counter_reg[31]_C_i_1_n_0 | counter_reg[8]_LDC_i_2_n_0  |                1 |              1 |         1.00 |
|  clk_1hz_BUFG                | counter_reg[31]_C_i_1_n_0 | counter_reg[31]_LDC_i_1_n_0 |                1 |              1 |         1.00 |
|  clk_1hz_BUFG                | counter_reg[31]_C_i_1_n_0 | counter_reg[3]_LDC_i_2_n_0  |                1 |              1 |         1.00 |
|  clk_1hz_BUFG                | counter_reg[31]_C_i_1_n_0 | counter_reg[6]_LDC_i_2_n_0  |                1 |              1 |         1.00 |
|  clk_1hz_BUFG                | counter_reg[31]_C_i_1_n_0 | counter_reg[31]_LDC_i_2_n_0 |                1 |              1 |         1.00 |
|  clk_1hz_BUFG                | counter_reg[31]_C_i_1_n_0 | counter_reg[4]_LDC_i_1_n_0  |                1 |              1 |         1.00 |
|  clk_1hz_BUFG                | counter_reg[31]_C_i_1_n_0 | counter_reg[3]_LDC_i_1_n_0  |                1 |              1 |         1.00 |
|  clk_1hz_BUFG                | counter_reg[31]_C_i_1_n_0 | counter_reg[9]_LDC_i_2_n_0  |                1 |              1 |         1.00 |
|  clk_1hz_BUFG                | counter_reg[31]_C_i_1_n_0 | counter_reg[9]_LDC_i_1_n_0  |                1 |              1 |         1.00 |
|  counter_reg[11]_LDC_i_1_n_0 |                           | counter_reg[11]_LDC_i_2_n_0 |                1 |              1 |         1.00 |
|  counter_reg[15]_LDC_i_1_n_0 |                           | counter_reg[15]_LDC_i_2_n_0 |                1 |              1 |         1.00 |
|  counter_reg[16]_LDC_i_1_n_0 |                           | counter_reg[16]_LDC_i_2_n_0 |                1 |              1 |         1.00 |
|  counter_reg[12]_LDC_i_1_n_0 |                           | counter_reg[12]_LDC_i_2_n_0 |                1 |              1 |         1.00 |
|  counter_reg[10]_LDC_i_1_n_0 |                           | counter_reg[10]_LDC_i_2_n_0 |                1 |              1 |         1.00 |
|  counter_reg[0]_LDC_i_1_n_0  |                           | counter_reg[0]_LDC_i_2_n_0  |                1 |              1 |         1.00 |
|  counter_reg[13]_LDC_i_1_n_0 |                           | counter_reg[13]_LDC_i_2_n_0 |                1 |              1 |         1.00 |
|  counter_reg[14]_LDC_i_1_n_0 |                           | counter_reg[14]_LDC_i_2_n_0 |                1 |              1 |         1.00 |
|  counter_reg[19]_LDC_i_1_n_0 |                           | counter_reg[19]_LDC_i_2_n_0 |                1 |              1 |         1.00 |
|  counter_reg[23]_LDC_i_1_n_0 |                           | counter_reg[23]_LDC_i_2_n_0 |                1 |              1 |         1.00 |
|  counter_reg[1]_LDC_i_1_n_0  |                           | counter_reg[1]_LDC_i_2_n_0  |                1 |              1 |         1.00 |
|  counter_reg[22]_LDC_i_1_n_0 |                           | counter_reg[22]_LDC_i_2_n_0 |                1 |              1 |         1.00 |
|  counter_reg[24]_LDC_i_1_n_0 |                           | counter_reg[24]_LDC_i_2_n_0 |                1 |              1 |         1.00 |
|  counter_reg[18]_LDC_i_1_n_0 |                           | counter_reg[18]_LDC_i_2_n_0 |                1 |              1 |         1.00 |
|  counter_reg[17]_LDC_i_1_n_0 |                           | counter_reg[17]_LDC_i_2_n_0 |                1 |              1 |         1.00 |
|  counter_reg[20]_LDC_i_1_n_0 |                           | counter_reg[20]_LDC_i_2_n_0 |                1 |              1 |         1.00 |
|  counter_reg[21]_LDC_i_1_n_0 |                           | counter_reg[21]_LDC_i_2_n_0 |                1 |              1 |         1.00 |
|  counter_reg[2]_LDC_i_1_n_0  |                           | counter_reg[2]_LDC_i_2_n_0  |                1 |              1 |         1.00 |
|  counter_reg[27]_LDC_i_1_n_0 |                           | counter_reg[27]_LDC_i_2_n_0 |                1 |              1 |         1.00 |
|  counter_reg[28]_LDC_i_1_n_0 |                           | counter_reg[28]_LDC_i_2_n_0 |                1 |              1 |         1.00 |
|  counter_reg[30]_LDC_i_1_n_0 |                           | counter_reg[30]_LDC_i_2_n_0 |                1 |              1 |         1.00 |
|  counter_reg[25]_LDC_i_1_n_0 |                           | counter_reg[25]_LDC_i_2_n_0 |                1 |              1 |         1.00 |
|  counter_reg[26]_LDC_i_1_n_0 |                           | counter_reg[26]_LDC_i_2_n_0 |                1 |              1 |         1.00 |
|  counter_reg[29]_LDC_i_1_n_0 |                           | counter_reg[29]_LDC_i_2_n_0 |                1 |              1 |         1.00 |
|  counter_reg[6]_LDC_i_1_n_0  |                           | counter_reg[6]_LDC_i_2_n_0  |                1 |              1 |         1.00 |
|  counter_reg[5]_LDC_i_1_n_0  |                           | counter_reg[5]_LDC_i_2_n_0  |                1 |              1 |         1.00 |
|  counter_reg[7]_LDC_i_1_n_0  |                           | counter_reg[7]_LDC_i_2_n_0  |                1 |              1 |         1.00 |
|  counter_reg[8]_LDC_i_1_n_0  |                           | counter_reg[8]_LDC_i_2_n_0  |                1 |              1 |         1.00 |
|  clk_IBUF_BUFG               |                           |                             |                3 |              3 |         1.00 |
|  clk_4hz1/clk_4hz            |                           |                             |                1 |              3 |         3.00 |
|  clk_IBUF_BUFG               |                           | clk_4hz1/sig_out_i          |                9 |             32 |         3.56 |
|  clk_IBUF_BUFG               |                           | clk_1hz1/sig_out_i          |                9 |             32 |         3.56 |
|  clk_IBUF_BUFG               |                           | clk_2hz1/sig_out_i          |                9 |             32 |         3.56 |
|  clk_2hz_BUFG                |                           |                             |               10 |             32 |         3.20 |
+------------------------------+---------------------------+-----------------------------+------------------+----------------+--------------+


