
*** Running vivado
    with args -log vga_driver.vds -m64 -product Vivado -mode batch -messageDb vivado.pb -notrace -source vga_driver.tcl



****** Vivado v2023.2 (64-bit)
  **** SW Build 4029153 on Fri Oct 13 20:14:34 MDT 2023
  **** IP Build 4028589 on Sat Oct 14 00:45:43 MDT 2023
  **** SharedData Build 4025554 on Tue Oct 10 17:18:54 MDT 2023
    ** Copyright 1986-2022 Xilinx, Inc. All Rights Reserved.
    ** Copyright 2022-2023 Advanced Micro Devices, Inc. All Rights Reserved.

source vga_driver.tcl -notrace
Command: read_checkpoint -auto_incremental -incremental C:/Users/Student/Desktop/lab05/lab05.srcs/utils_1/imports/synth_1/vga_driver.dcp
INFO: [Vivado 12-5825] Read reference checkpoint from C:/Users/Student/Desktop/lab05/lab05.srcs/utils_1/imports/synth_1/vga_driver.dcp for incremental synthesis
INFO: [Vivado 12-7989] Please ensure there are no constraint changes
Command: synth_design -top vga_driver -part xc7z020clg484-1
Starting synth_design
Attempting to get a license for feature 'Synthesis' and/or device 'xc7z020'
INFO: [Common 17-349] Got license for feature 'Synthesis' and/or device 'xc7z020'
INFO: [Device 21-403] Loading part xc7z020clg484-1
INFO: [Designutils 20-5440] No compile time benefit to using incremental synthesis; A full resynthesis will be run
INFO: [Designutils 20-4379] Flow is switching to default flow due to incremental criteria not met. If you would like to alter this behaviour and have the flow terminate instead, please set the following parameter config_implementation {autoIncr.Synth.RejectBehavior Terminate}
INFO: [Synth 8-7079] Multithreading enabled for synth_design using a maximum of 2 processes.
INFO: [Synth 8-7078] Launching helper process for spawning children vivado processes
INFO: [Synth 8-7075] Helper process launched with PID 1244
---------------------------------------------------------------------------------
Starting RTL Elaboration : Time (s): cpu = 00:00:03 ; elapsed = 00:00:03 . Memory (MB): peak = 1453.273 ; gain = 440.852
---------------------------------------------------------------------------------
INFO: [Synth 8-638] synthesizing module 'vga_driver' [C:/Users/Student/Desktop/lab05/lab05.srcs/sources_1/new/lab05.vhd:40]
	Parameter n bound to: 1 - type: integer 
INFO: [Synth 8-3491] module 'clock_divider' declared at 'C:/Users/Student/Desktop/lab05/lab05.srcs/sources_1/new/clock_divider.vhd:26' bound to instance 'comp_clk50mhz' of component 'clock_divider' [C:/Users/Student/Desktop/lab05/lab05.srcs/sources_1/new/lab05.vhd:87]
INFO: [Synth 8-638] synthesizing module 'clock_divider' [C:/Users/Student/Desktop/lab05/lab05.srcs/sources_1/new/clock_divider.vhd:36]
	Parameter n bound to: 1 - type: integer 
INFO: [Synth 8-256] done synthesizing module 'clock_divider' (0#1) [C:/Users/Student/Desktop/lab05/lab05.srcs/sources_1/new/clock_divider.vhd:36]
	Parameter n bound to: 5000000 - type: integer 
INFO: [Synth 8-3491] module 'clock_divider' declared at 'C:/Users/Student/Desktop/lab05/lab05.srcs/sources_1/new/clock_divider.vhd:26' bound to instance 'comp_clk10hz' of component 'clock_divider' [C:/Users/Student/Desktop/lab05/lab05.srcs/sources_1/new/lab05.vhd:97]
INFO: [Synth 8-638] synthesizing module 'clock_divider__parameterized1' [C:/Users/Student/Desktop/lab05/lab05.srcs/sources_1/new/clock_divider.vhd:36]
	Parameter n bound to: 5000000 - type: integer 
INFO: [Synth 8-256] done synthesizing module 'clock_divider__parameterized1' (0#1) [C:/Users/Student/Desktop/lab05/lab05.srcs/sources_1/new/clock_divider.vhd:36]
WARNING: [Synth 8-614] signal 'h_top_left' is read in the process but is not in the sensitivity list [C:/Users/Student/Desktop/lab05/lab05.srcs/sources_1/new/lab05.vhd:161]
WARNING: [Synth 8-614] signal 'v_top_left' is read in the process but is not in the sensitivity list [C:/Users/Student/Desktop/lab05/lab05.srcs/sources_1/new/lab05.vhd:161]
INFO: [Synth 8-256] done synthesizing module 'vga_driver' (0#1) [C:/Users/Student/Desktop/lab05/lab05.srcs/sources_1/new/lab05.vhd:40]
---------------------------------------------------------------------------------
Finished RTL Elaboration : Time (s): cpu = 00:00:04 ; elapsed = 00:00:04 . Memory (MB): peak = 1561.336 ; gain = 548.914
---------------------------------------------------------------------------------
---------------------------------------------------------------------------------
Start Handling Custom Attributes
---------------------------------------------------------------------------------
---------------------------------------------------------------------------------
Finished Handling Custom Attributes : Time (s): cpu = 00:00:04 ; elapsed = 00:00:04 . Memory (MB): peak = 1561.336 ; gain = 548.914
---------------------------------------------------------------------------------
---------------------------------------------------------------------------------
Finished RTL Optimization Phase 1 : Time (s): cpu = 00:00:04 ; elapsed = 00:00:04 . Memory (MB): peak = 1561.336 ; gain = 548.914
---------------------------------------------------------------------------------
Netlist sorting complete. Time (s): cpu = 00:00:00 ; elapsed = 00:00:00.004 . Memory (MB): peak = 1561.336 ; gain = 0.000
INFO: [Project 1-570] Preparing netlist for logic optimization

Processing XDC Constraints
Initializing timing engine
Parsing XDC File [C:/Users/Student/Desktop/lab05/lab05.srcs/constrs_1/new/physical-constr.xdc]
WARNING: [Vivado 12-584] No ports matched '[get_ports -of_objects [get_iobanks 33]]'. [C:/Users/Student/Desktop/lab05/lab05.srcs/constrs_1/new/physical-constr.xdc:16]
WARNING: [Vivado 12-584] No ports matched '[get_ports -of_objects [get_iobanks 13]]'. [C:/Users/Student/Desktop/lab05/lab05.srcs/constrs_1/new/physical-constr.xdc:18]
WARNING: [Vivado 12-584] No ports matched '[get_ports -of_objects [get_iobanks 34]]'. [C:/Users/Student/Desktop/lab05/lab05.srcs/constrs_1/new/physical-constr.xdc:28]
Finished Parsing XDC File [C:/Users/Student/Desktop/lab05/lab05.srcs/constrs_1/new/physical-constr.xdc]
INFO: [Project 1-236] Implementation specific constraints were found while reading constraint file [C:/Users/Student/Desktop/lab05/lab05.srcs/constrs_1/new/physical-constr.xdc]. These constraints will be ignored for synthesis but will be used in implementation. Impacted constraints are listed in the file [.Xil/vga_driver_propImpl.xdc].
Resolution: To avoid this warning, move constraints listed in [.Xil/vga_driver_propImpl.xdc] to another XDC file and exclude this new file from synthesis with the used_in_synthesis property (File Properties dialog in GUI) and re-run elaboration/synthesis.
Completed Processing XDC Constraints

Netlist sorting complete. Time (s): cpu = 00:00:00 ; elapsed = 00:00:00 . Memory (MB): peak = 1660.551 ; gain = 0.000
INFO: [Project 1-111] Unisim Transformation Summary:
No Unisim elements were transformed.

The system cannot find the path specified.
Constraint Validation Runtime : Time (s): cpu = 00:00:00 ; elapsed = 00:00:00.001 . Memory (MB): peak = 1660.551 ; gain = 0.000
INFO: [Designutils 20-5440] No compile time benefit to using incremental synthesis; A full resynthesis will be run
INFO: [Designutils 20-4379] Flow is switching to default flow due to incremental criteria not met. If you would like to alter this behaviour and have the flow terminate instead, please set the following parameter config_implementation {autoIncr.Synth.RejectBehavior Terminate}
---------------------------------------------------------------------------------
Finished Constraint Validation : Time (s): cpu = 00:00:08 ; elapsed = 00:00:08 . Memory (MB): peak = 1660.551 ; gain = 648.129
---------------------------------------------------------------------------------
---------------------------------------------------------------------------------
Start Loading Part and Timing Information
---------------------------------------------------------------------------------
Loading part: xc7z020clg484-1
---------------------------------------------------------------------------------
Finished Loading Part and Timing Information : Time (s): cpu = 00:00:08 ; elapsed = 00:00:08 . Memory (MB): peak = 1660.551 ; gain = 648.129
---------------------------------------------------------------------------------
---------------------------------------------------------------------------------
Start Applying 'set_property' XDC Constraints
---------------------------------------------------------------------------------
---------------------------------------------------------------------------------
Finished applying 'set_property' XDC Constraints : Time (s): cpu = 00:00:08 ; elapsed = 00:00:08 . Memory (MB): peak = 1660.551 ; gain = 648.129
---------------------------------------------------------------------------------
---------------------------------------------------------------------------------
Finished RTL Optimization Phase 2 : Time (s): cpu = 00:00:09 ; elapsed = 00:00:08 . Memory (MB): peak = 1660.551 ; gain = 648.129
---------------------------------------------------------------------------------
---------------------------------------------------------------------------------
Start RTL Component Statistics 
---------------------------------------------------------------------------------
Detailed RTL Component Info : 
+---Adders : 
	   3 Input   33 Bit       Adders := 2     
	   2 Input   32 Bit       Adders := 16    
+---Registers : 
	               32 Bit    Registers := 4     
	                1 Bit    Registers := 2     
+---Muxes : 
	   2 Input   32 Bit        Muxes := 1     
	   3 Input    4 Bit        Muxes := 1     
	   2 Input    1 Bit        Muxes := 2     
---------------------------------------------------------------------------------
Finished RTL Component Statistics 
---------------------------------------------------------------------------------
---------------------------------------------------------------------------------
Start Part Resource Summary
---------------------------------------------------------------------------------
Part Resources:
DSPs: 220 (col length:60)
BRAMs: 280 (col length: RAMB18 60 RAMB36 30)
---------------------------------------------------------------------------------
Finished Part Resource Summary
---------------------------------------------------------------------------------
---------------------------------------------------------------------------------
Start Cross Boundary and Area Optimization
---------------------------------------------------------------------------------
WARNING: [Synth 8-7080] Parallel synthesis criteria is not met
---------------------------------------------------------------------------------
Finished Cross Boundary and Area Optimization : Time (s): cpu = 00:00:10 ; elapsed = 00:00:10 . Memory (MB): peak = 1660.551 ; gain = 648.129
---------------------------------------------------------------------------------
---------------------------------------------------------------------------------
Start Applying XDC Timing Constraints
---------------------------------------------------------------------------------
---------------------------------------------------------------------------------
Finished Applying XDC Timing Constraints : Time (s): cpu = 00:00:13 ; elapsed = 00:00:13 . Memory (MB): peak = 1660.551 ; gain = 648.129
---------------------------------------------------------------------------------
---------------------------------------------------------------------------------
Start Timing Optimization
---------------------------------------------------------------------------------
---------------------------------------------------------------------------------
Finished Timing Optimization : Time (s): cpu = 00:00:13 ; elapsed = 00:00:13 . Memory (MB): peak = 1660.551 ; gain = 648.129
---------------------------------------------------------------------------------
---------------------------------------------------------------------------------
Start Technology Mapping
---------------------------------------------------------------------------------
---------------------------------------------------------------------------------
Finished Technology Mapping : Time (s): cpu = 00:00:14 ; elapsed = 00:00:13 . Memory (MB): peak = 1660.551 ; gain = 648.129
---------------------------------------------------------------------------------
---------------------------------------------------------------------------------
Start IO Insertion
---------------------------------------------------------------------------------
---------------------------------------------------------------------------------
Start Flattening Before IO Insertion
---------------------------------------------------------------------------------
---------------------------------------------------------------------------------
Finished Flattening Before IO Insertion
---------------------------------------------------------------------------------
---------------------------------------------------------------------------------
Start Final Netlist Cleanup
---------------------------------------------------------------------------------
---------------------------------------------------------------------------------
Finished Final Netlist Cleanup
---------------------------------------------------------------------------------
---------------------------------------------------------------------------------
Finished IO Insertion : Time (s): cpu = 00:00:16 ; elapsed = 00:00:16 . Memory (MB): peak = 1660.551 ; gain = 648.129
---------------------------------------------------------------------------------
---------------------------------------------------------------------------------
Start Renaming Generated Instances
---------------------------------------------------------------------------------
---------------------------------------------------------------------------------
Finished Renaming Generated Instances : Time (s): cpu = 00:00:16 ; elapsed = 00:00:16 . Memory (MB): peak = 1660.551 ; gain = 648.129
---------------------------------------------------------------------------------
---------------------------------------------------------------------------------
Start Rebuilding User Hierarchy
---------------------------------------------------------------------------------
---------------------------------------------------------------------------------
Finished Rebuilding User Hierarchy : Time (s): cpu = 00:00:16 ; elapsed = 00:00:16 . Memory (MB): peak = 1660.551 ; gain = 648.129
---------------------------------------------------------------------------------
---------------------------------------------------------------------------------
Start Renaming Generated Ports
---------------------------------------------------------------------------------
---------------------------------------------------------------------------------
Finished Renaming Generated Ports : Time (s): cpu = 00:00:16 ; elapsed = 00:00:16 . Memory (MB): peak = 1660.551 ; gain = 648.129
---------------------------------------------------------------------------------
---------------------------------------------------------------------------------
Start Handling Custom Attributes
---------------------------------------------------------------------------------
---------------------------------------------------------------------------------
Finished Handling Custom Attributes : Time (s): cpu = 00:00:16 ; elapsed = 00:00:16 . Memory (MB): peak = 1660.551 ; gain = 648.129
---------------------------------------------------------------------------------
---------------------------------------------------------------------------------
Start Renaming Generated Nets
---------------------------------------------------------------------------------
---------------------------------------------------------------------------------
Finished Renaming Generated Nets : Time (s): cpu = 00:00:16 ; elapsed = 00:00:16 . Memory (MB): peak = 1660.551 ; gain = 648.129
---------------------------------------------------------------------------------
---------------------------------------------------------------------------------
Start Writing Synthesis Report
---------------------------------------------------------------------------------

Report BlackBoxes: 
+-+--------------+----------+
| |BlackBox name |Instances |
+-+--------------+----------+
+-+--------------+----------+

Report Cell Usage: 
+------+-------+------+
|      |Cell   |Count |
+------+-------+------+
|1     |BUFG   |     3|
|2     |CARRY4 |   226|
|3     |LUT1   |   213|
|4     |LUT2   |   467|
|5     |LUT3   |    65|
|6     |LUT4   |    72|
|7     |LUT5   |     6|
|8     |LUT6   |    23|
|9     |FDRE   |   194|
|10    |IBUF   |     5|
|11    |OBUF   |    14|
+------+-------+------+
---------------------------------------------------------------------------------
Finished Writing Synthesis Report : Time (s): cpu = 00:00:16 ; elapsed = 00:00:16 . Memory (MB): peak = 1660.551 ; gain = 648.129
---------------------------------------------------------------------------------
Synthesis finished with 0 errors, 0 critical warnings and 1 warnings.
Synthesis Optimization Runtime : Time (s): cpu = 00:00:11 ; elapsed = 00:00:15 . Memory (MB): peak = 1660.551 ; gain = 548.914
Synthesis Optimization Complete : Time (s): cpu = 00:00:16 ; elapsed = 00:00:16 . Memory (MB): peak = 1660.551 ; gain = 648.129
INFO: [Project 1-571] Translating synthesized netlist
Netlist sorting complete. Time (s): cpu = 00:00:00 ; elapsed = 00:00:00.007 . Memory (MB): peak = 1660.551 ; gain = 0.000
INFO: [Netlist 29-17] Analyzing 226 Unisim elements for replacement
INFO: [Netlist 29-28] Unisim Transformation completed in 0 CPU seconds
WARNING: [Netlist 29-101] Netlist 'vga_driver' is not ideal for floorplanning, since the cellview 'vga_driver' contains a large number of primitives.  Please consider enabling hierarchy in synthesis if you want to do floorplanning.
INFO: [Project 1-570] Preparing netlist for logic optimization
INFO: [Opt 31-138] Pushed 0 inverter(s) to 0 load pin(s).
Netlist sorting complete. Time (s): cpu = 00:00:00 ; elapsed = 00:00:00 . Memory (MB): peak = 1660.551 ; gain = 0.000
INFO: [Project 1-111] Unisim Transformation Summary:
No Unisim elements were transformed.

The system cannot find the path specified.
Synth Design complete | Checksum: ab393ceb
INFO: [Common 17-83] Releasing license: Synthesis
29 Infos, 7 Warnings, 0 Critical Warnings and 0 Errors encountered.
synth_design completed successfully
synth_design: Time (s): cpu = 00:00:19 ; elapsed = 00:00:19 . Memory (MB): peak = 1660.551 ; gain = 1068.406
Write ShapeDB Complete: Time (s): cpu = 00:00:00 ; elapsed = 00:00:00.002 . Memory (MB): peak = 1660.551 ; gain = 0.000
INFO: [Common 17-1381] The checkpoint 'C:/Users/Student/Desktop/lab05/lab05.runs/synth_1/vga_driver.dcp' has been generated.
INFO: [runtcl-4] Executing : report_utilization -file vga_driver_utilization_synth.rpt -pb vga_driver_utilization_synth.pb
INFO: [Common 17-206] Exiting Vivado at Wed Feb 19 14:17:33 2025...
